<?xml version="1.0" encoding="UTF-8"?>
<!-- Generated by org.testng.reporters.JUnitReportReporter -->
<testsuite skipped="0" hostname="WINCTRL-I0MUJGD" name="pageTests.LoginPageTests" tests="2" failures="0" timestamp="16 Nov 2018 17:46:02 GMT" time="71.844" errors="0">
  <testcase name="LoginWithInvalidCredentials" time="35.047" classname="pageTests.LoginPageTests"/>
  <testcase name="LoginWithValidCredentials" time="36.797" classname="pageTests.LoginPageTests"/>
</testsuite> <!-- pageTests.LoginPageTests -->
