<?xml version="1.0" encoding="UTF-8"?>
<!-- Generated by org.testng.reporters.JUnitReportReporter -->
<testsuite skipped="0" hostname="WINCTRL-I0MUJGD" name="pageTests.HomePageTests" tests="1" failures="0" timestamp="16 Nov 2018 17:46:02 GMT" time="51.800" errors="0">
  <testcase name="verifyAdminPage" time="51.800" classname="pageTests.HomePageTests"/>
</testsuite> <!-- pageTests.HomePageTests -->
